<?xml version="1.0" encoding="UTF-8"?>
<!-- Generated by org.testng.reporters.JUnitXMLReporter -->
<testsuite hostname="LAPTOP-0K49LJKR" name="Default test" tests="1" failures="0" timestamp="10 Mar 2019 12:52:34 GMT" time="0.463" errors="0">
  <testcase name="@BeforeClass start" time="0.0" classname="testCase.LoginTC">
    <failure type="org.testng.TestNGException" message="
Parameter &amp;apos;browsers&amp;apos; is required by @Configuration on method start but has not been marked @Optional or defined
in C:\Users\Twister\AppData\Local\Temp\testng-eclipse-1330323879\testng-customsuite.xml">
      <![CDATA[org.testng.TestNGException: 
Parameter 'browsers' is required by @Configuration on method start but has not been marked @Optional or defined
in C:\Users\Twister\AppData\Local\Temp\testng-eclipse-1330323879\testng-customsuite.xml
	at org.testng.internal.Parameters.createParameters(Parameters.java:155)
	at org.testng.internal.Parameters.createParameters(Parameters.java:355)
	at org.testng.internal.Parameters.createConfigurationParameters(Parameters.java:86)
	at org.testng.internal.Invoker.invokeConfigurations(Invoker.java:199)
	at org.testng.internal.Invoker.invokeConfigurations(Invoker.java:138)
	at org.testng.internal.TestMethodWorker.invokeBeforeClassMethods(TestMethodWorker.java:175)
	at org.testng.internal.TestMethodWorker.run(TestMethodWorker.java:107)
	at org.testng.TestRunner.privateRun(TestRunner.java:767)
	at org.testng.TestRunner.run(TestRunner.java:617)
	at org.testng.SuiteRunner.runTest(SuiteRunner.java:334)
	at org.testng.SuiteRunner.runSequentially(SuiteRunner.java:329)
	at org.testng.SuiteRunner.privateRun(SuiteRunner.java:291)
	at org.testng.SuiteRunner.run(SuiteRunner.java:240)
	at org.testng.SuiteRunnerWorker.runSuite(SuiteRunnerWorker.java:52)
	at org.testng.SuiteRunnerWorker.run(SuiteRunnerWorker.java:86)
	at org.testng.TestNG.runSuitesSequentially(TestNG.java:1198)
	at org.testng.TestNG.runSuitesLocally(TestNG.java:1123)
	at org.testng.TestNG.run(TestNG.java:1031)
	at org.testng.remote.AbstractRemoteTestNG.run(AbstractRemoteTestNG.java:115)
	at org.testng.remote.RemoteTestNG.initAndRun(RemoteTestNG.java:251)
	at org.testng.remote.RemoteTestNG.main(RemoteTestNG.java:77)
]]>
    </failure>
  </testcase> <!-- @BeforeClass start -->
  <testcase name="@AfterClass teardown" time="0.0" classname="testCase.LoginTC">
    <skipped/>
  </testcase> <!-- @AfterClass teardown -->
  <testcase name="Logintestcase" time="0.442" classname="testCase.LoginTC">
    <skipped/>
  </testcase> <!-- Logintestcase -->
</testsuite> <!-- Default test -->
